  wedgeBot.cpp
c:\users\jerem\desktop\code\cps511\assignment1\assignment1\cube.h(59): warning C4305: '=': truncation from 'double' to 'float'
c:\users\jerem\desktop\code\cps511\assignment1\assignment1\cube.h(64): warning C4305: '=': truncation from 'double' to 'float'
c:\users\jerem\desktop\code\cps511\assignment1\assignment1\wedgebot.cpp(25): warning C4244: 'initializing': conversion from 'double' to 'float', possible loss of data
c:\users\jerem\desktop\code\cps511\assignment1\assignment1\wedgebot.cpp(28): warning C4244: 'initializing': conversion from 'double' to 'float', possible loss of data
c:\users\jerem\desktop\code\cps511\assignment1\assignment1\wedgebot.cpp(29): warning C4244: 'initializing': conversion from 'double' to 'float', possible loss of data
c:\users\jerem\desktop\code\cps511\assignment1\assignment1\wedgebot.cpp(49): warning C4305: 'initializing': truncation from 'double' to 'float'
c:\users\jerem\desktop\code\cps511\assignment1\assignment1\wedgebot.cpp(173): warning C4305: 'initializing': truncation from 'double' to 'float'
c:\users\jerem\desktop\code\cps511\assignment1\assignment1\wedgebot.cpp(229): warning C4244: 'argument': conversion from 'double' to 'GLfloat', possible loss of data
c:\users\jerem\desktop\code\cps511\assignment1\assignment1\wedgebot.cpp(235): warning C4244: 'argument': conversion from 'double' to 'GLfloat', possible loss of data
c:\users\jerem\desktop\code\cps511\assignment1\assignment1\wedgebot.cpp(236): warning C4244: 'argument': conversion from 'double' to 'GLfloat', possible loss of data
c:\users\jerem\desktop\code\cps511\assignment1\assignment1\wedgebot.cpp(241): warning C4244: 'argument': conversion from 'double' to 'GLfloat', possible loss of data
c:\users\jerem\desktop\code\cps511\assignment1\assignment1\wedgebot.cpp(242): warning C4244: 'argument': conversion from 'double' to 'GLfloat', possible loss of data
c:\users\jerem\desktop\code\cps511\assignment1\assignment1\wedgebot.cpp(248): warning C4244: 'argument': conversion from 'double' to 'GLfloat', possible loss of data
c:\users\jerem\desktop\code\cps511\assignment1\assignment1\wedgebot.cpp(249): warning C4244: 'argument': conversion from 'double' to 'GLfloat', possible loss of data
c:\users\jerem\desktop\code\cps511\assignment1\assignment1\wedgebot.cpp(254): warning C4244: 'argument': conversion from 'double' to 'GLfloat', possible loss of data
c:\users\jerem\desktop\code\cps511\assignment1\assignment1\wedgebot.cpp(255): warning C4244: 'argument': conversion from 'double' to 'GLfloat', possible loss of data
c:\users\jerem\desktop\code\cps511\assignment1\assignment1\wedgebot.cpp(261): warning C4244: 'argument': conversion from 'double' to 'GLfloat', possible loss of data
c:\users\jerem\desktop\code\cps511\assignment1\assignment1\wedgebot.cpp(276): warning C4244: 'argument': conversion from 'double' to 'GLfloat', possible loss of data
c:\users\jerem\desktop\code\cps511\assignment1\assignment1\wedgebot.cpp(280): warning C4244: 'argument': conversion from 'double' to 'GLfloat', possible loss of data
c:\users\jerem\desktop\code\cps511\assignment1\assignment1\wedgebot.cpp(295): warning C4244: 'argument': conversion from 'double' to 'GLfloat', possible loss of data
c:\users\jerem\desktop\code\cps511\assignment1\assignment1\wedgebot.cpp(301): warning C4244: 'argument': conversion from 'double' to 'GLfloat', possible loss of data
c:\users\jerem\desktop\code\cps511\assignment1\assignment1\wedgebot.cpp(300): warning C4244: 'argument': conversion from 'double' to 'GLfloat', possible loss of data
c:\users\jerem\desktop\code\cps511\assignment1\assignment1\wedgebot.cpp(307): warning C4244: 'argument': conversion from 'double' to 'GLfloat', possible loss of data
c:\users\jerem\desktop\code\cps511\assignment1\assignment1\wedgebot.cpp(306): warning C4244: 'argument': conversion from 'double' to 'GLfloat', possible loss of data
c:\users\jerem\desktop\code\cps511\assignment1\assignment1\wedgebot.cpp(312): warning C4244: 'argument': conversion from 'double' to 'GLfloat', possible loss of data
c:\users\jerem\desktop\code\cps511\assignment1\assignment1\wedgebot.cpp(329): warning C4244: 'argument': conversion from 'double' to 'GLfloat', possible loss of data
c:\users\jerem\desktop\code\cps511\assignment1\assignment1\wedgebot.cpp(351): warning C4244: 'argument': conversion from 'double' to 'GLfloat', possible loss of data
  Assignment1.vcxproj -> C:\Users\jerem\Desktop\CODE\cps511\Assignment1\Debug\Assignment1.exe
          1 file(s) copied.
